<?xml version="1.0" encoding="UTF-8"?>
<testng-results skipped="0" failed="0" ignored="0" total="1" passed="1">
  <reporter-output>
  </reporter-output>
  <suite name="Default suite" duration-ms="12142" started-at="2020-03-05T11:00:05Z" finished-at="2020-03-05T11:00:17Z">
    <groups>
    </groups>
    <test name="Default test" duration-ms="12142" started-at="2020-03-05T11:00:05Z" finished-at="2020-03-05T11:00:17Z">
      <class name="com.testcases.logintestcase">
        <test-method status="PASS" signature="startUp()[pri:0, instance:com.testcases.logintestcase@77f99a05]" name="startUp" is-config="true" duration-ms="7305" started-at="2020-03-05T11:00:05Z" finished-at="2020-03-05T11:00:12Z">
          <reporter-output>
          </reporter-output>
        </test-method> <!-- startUp -->
        <test-method status="PASS" signature="login()[pri:0, instance:com.testcases.logintestcase@77f99a05]" name="login" duration-ms="2667" started-at="2020-03-05T11:00:12Z" finished-at="2020-03-05T11:00:15Z">
          <reporter-output>
          </reporter-output>
        </test-method> <!-- login -->
        <test-method status="PASS" signature="close()[pri:0, instance:com.testcases.logintestcase@77f99a05]" name="close" is-config="true" duration-ms="2135" started-at="2020-03-05T11:00:15Z" finished-at="2020-03-05T11:00:17Z">
          <reporter-output>
          </reporter-output>
        </test-method> <!-- close -->
      </class> <!-- com.testcases.logintestcase -->
    </test> <!-- Default test -->
  </suite> <!-- Default suite -->
</testng-results>
